[2012-05-10 18:36:27] request.ERROR: Symfony\Component\HttpKernel\Exception\NotFoundHttpException: No route found for "GET /js/compressed.js" (uncaught exception) at /var/www/sites_symfony/vendor/symfony/src/Symfony/Bundle/FrameworkBundle/EventListener/RouterListener.php line 83 [] []
[2012-05-10 18:36:27] request.ERROR: Symfony\Component\HttpKernel\Exception\NotFoundHttpException: No route found for "GET /css/mercerie.css" (uncaught exception) at /var/www/sites_symfony/vendor/symfony/src/Symfony/Bundle/FrameworkBundle/EventListener/RouterListener.php line 83 [] []
[2012-05-10 18:36:27] request.ERROR: Symfony\Component\HttpKernel\Exception\NotFoundHttpException: No route found for "GET /css/compressed.css" (uncaught exception) at /var/www/sites_symfony/vendor/symfony/src/Symfony/Bundle/FrameworkBundle/EventListener/RouterListener.php line 83 [] []
[2012-05-10 18:36:27] request.ERROR: Symfony\Component\HttpKernel\Exception\NotFoundHttpException: No route found for "GET /js/compressed.js" (uncaught exception) at /var/www/sites_symfony/applications/restaurantdiclarenzo.com/app/cache/prod/classes.php line 4564 [] []
[2012-05-10 18:36:38] request.ERROR: Symfony\Component\HttpKernel\Exception\NotFoundHttpException: No route found for "GET /css/mercerie.css" (uncaught exception) at /var/www/sites_symfony/applications/restaurantdiclarenzo.com/app/cache/prod/classes.php line 4564 [] []
[2012-05-10 18:36:38] request.ERROR: Symfony\Component\HttpKernel\Exception\NotFoundHttpException: No route found for "GET /css/compressed.css" (uncaught exception) at /var/www/sites_symfony/applications/restaurantdiclarenzo.com/app/cache/prod/classes.php line 4564 [] []
[2012-05-10 18:36:38] request.ERROR: Symfony\Component\HttpKernel\Exception\NotFoundHttpException: No route found for "GET /js/compressed.js" (uncaught exception) at /var/www/sites_symfony/applications/restaurantdiclarenzo.com/app/cache/prod/classes.php line 4564 [] []
[2012-05-10 18:36:38] request.ERROR: Symfony\Component\HttpKernel\Exception\NotFoundHttpException: No route found for "GET /js/compressed.js" (uncaught exception) at /var/www/sites_symfony/applications/restaurantdiclarenzo.com/app/cache/prod/classes.php line 4564 [] []
[2012-05-10 18:37:00] request.ERROR: Symfony\Component\HttpKernel\Exception\NotFoundHttpException: No route found for "GET /css/mercerie.css" (uncaught exception) at /var/www/sites_symfony/applications/restaurantdiclarenzo.com/app/cache/prod/classes.php line 4564 [] []
[2012-05-10 18:37:00] request.ERROR: Symfony\Component\HttpKernel\Exception\NotFoundHttpException: No route found for "GET /css/compressed.css" (uncaught exception) at /var/www/sites_symfony/applications/restaurantdiclarenzo.com/app/cache/prod/classes.php line 4564 [] []
[2012-05-10 18:37:00] request.ERROR: Symfony\Component\HttpKernel\Exception\NotFoundHttpException: No route found for "GET /js/compressed.js" (uncaught exception) at /var/www/sites_symfony/applications/restaurantdiclarenzo.com/app/cache/prod/classes.php line 4564 [] []
[2012-05-10 18:38:12] request.ERROR: Symfony\Component\HttpKernel\Exception\NotFoundHttpException: No route found for "GET /css/compressed.css" (uncaught exception) at /var/www/sites_symfony/applications/restaurantdiclarenzo.com/app/cache/prod/classes.php line 4564 [] []
[2012-05-10 18:38:12] request.ERROR: Symfony\Component\HttpKernel\Exception\NotFoundHttpException: No route found for "GET /css/mercerie.css" (uncaught exception) at /var/www/sites_symfony/applications/restaurantdiclarenzo.com/app/cache/prod/classes.php line 4564 [] []
[2012-05-10 18:38:12] request.ERROR: Symfony\Component\HttpKernel\Exception\NotFoundHttpException: No route found for "GET /js/compressed.js" (uncaught exception) at /var/www/sites_symfony/applications/restaurantdiclarenzo.com/app/cache/prod/classes.php line 4564 [] []
[2012-05-10 18:38:14] request.ERROR: Symfony\Component\HttpKernel\Exception\NotFoundHttpException: No route found for "GET /js/compressed.js" (uncaught exception) at /var/www/sites_symfony/applications/restaurantdiclarenzo.com/app/cache/prod/classes.php line 4564 [] []
[2012-05-10 18:38:14] request.ERROR: Symfony\Component\HttpKernel\Exception\NotFoundHttpException: No route found for "GET /css/mercerie.css" (uncaught exception) at /var/www/sites_symfony/applications/restaurantdiclarenzo.com/app/cache/prod/classes.php line 4564 [] []
[2012-05-10 18:38:14] request.ERROR: Symfony\Component\HttpKernel\Exception\NotFoundHttpException: No route found for "GET /css/compressed.css" (uncaught exception) at /var/www/sites_symfony/applications/restaurantdiclarenzo.com/app/cache/prod/classes.php line 4564 [] []
[2012-05-10 18:38:18] request.ERROR: Symfony\Component\HttpKernel\Exception\NotFoundHttpException: No route found for "GET /css/compressed.css" (uncaught exception) at /var/www/sites_symfony/applications/restaurantdiclarenzo.com/app/cache/prod/classes.php line 4564 [] []
[2012-05-10 18:38:21] request.ERROR: Symfony\Component\HttpKernel\Exception\NotFoundHttpException: No route found for "GET /css/compressed.css" (uncaught exception) at /var/www/sites_symfony/applications/restaurantdiclarenzo.com/app/cache/prod/classes.php line 4564 [] []
[2012-05-10 18:38:25] request.ERROR: Symfony\Component\HttpKernel\Exception\NotFoundHttpException: No route found for "GET /css/compressed.css" (uncaught exception) at /var/www/sites_symfony/applications/restaurantdiclarenzo.com/app/cache/prod/classes.php line 4564 [] []
[2012-05-10 18:38:27] request.ERROR: Symfony\Component\HttpKernel\Exception\NotFoundHttpException: No route found for "GET /css/mercerie.css" (uncaught exception) at /var/www/sites_symfony/applications/restaurantdiclarenzo.com/app/cache/prod/classes.php line 4564 [] []
[2012-05-10 18:38:29] request.ERROR: Symfony\Component\HttpKernel\Exception\NotFoundHttpException: No route found for "GET /css/compressed.css" (uncaught exception) at /var/www/sites_symfony/applications/restaurantdiclarenzo.com/app/cache/prod/classes.php line 4564 [] []
[2012-05-10 18:38:31] request.ERROR: Symfony\Component\HttpKernel\Exception\NotFoundHttpException: No route found for "GET /css/compressed.css" (uncaught exception) at /var/www/sites_symfony/applications/restaurantdiclarenzo.com/app/cache/prod/classes.php line 4564 [] []
[2012-05-10 18:38:31] request.ERROR: Symfony\Component\HttpKernel\Exception\NotFoundHttpException: No route found for "GET /css/mercerie.css" (uncaught exception) at /var/www/sites_symfony/applications/restaurantdiclarenzo.com/app/cache/prod/classes.php line 4564 [] []
[2012-05-10 18:38:31] request.ERROR: Symfony\Component\HttpKernel\Exception\NotFoundHttpException: No route found for "GET /js/compressed.js" (uncaught exception) at /var/www/sites_symfony/applications/restaurantdiclarenzo.com/app/cache/prod/classes.php line 4564 [] []
[2012-05-10 18:38:31] request.ERROR: Symfony\Component\HttpKernel\Exception\NotFoundHttpException: No route found for "GET /js/compressed.js" (uncaught exception) at /var/www/sites_symfony/applications/restaurantdiclarenzo.com/app/cache/prod/classes.php line 4564 [] []
[2012-05-10 18:38:31] request.ERROR: Symfony\Component\HttpKernel\Exception\NotFoundHttpException: No route found for "GET /css/compressed.css" (uncaught exception) at /var/www/sites_symfony/applications/restaurantdiclarenzo.com/app/cache/prod/classes.php line 4564 [] []
[2012-05-10 18:40:43] request.ERROR: Symfony\Component\HttpKernel\Exception\NotFoundHttpException: No route found for "GET /css/compressed.css" (uncaught exception) at /var/www/sites_symfony/applications/restaurantdiclarenzo.com/app/cache/prod/classes.php line 4564 [] []
[2012-05-10 18:40:43] request.ERROR: Symfony\Component\HttpKernel\Exception\NotFoundHttpException: No route found for "GET /css/mercerie.css" (uncaught exception) at /var/www/sites_symfony/applications/restaurantdiclarenzo.com/app/cache/prod/classes.php line 4564 [] []
[2012-05-10 18:40:43] request.ERROR: Symfony\Component\HttpKernel\Exception\NotFoundHttpException: No route found for "GET /js/compressed.js" (uncaught exception) at /var/www/sites_symfony/applications/restaurantdiclarenzo.com/app/cache/prod/classes.php line 4564 [] []
[2012-05-10 18:41:13] request.ERROR: Symfony\Component\HttpKernel\Exception\NotFoundHttpException: No route found for "GET /css/mercerie.css" (uncaught exception) at /var/www/sites_symfony/applications/restaurantdiclarenzo.com/app/cache/prod/classes.php line 4564 [] []
[2012-05-10 18:41:13] request.ERROR: Symfony\Component\HttpKernel\Exception\NotFoundHttpException: No route found for "GET /css/compressed.css" (uncaught exception) at /var/www/sites_symfony/applications/restaurantdiclarenzo.com/app/cache/prod/classes.php line 4564 [] []
[2012-05-10 18:41:13] request.ERROR: Symfony\Component\HttpKernel\Exception\NotFoundHttpException: No route found for "GET /js/compressed.js" (uncaught exception) at /var/www/sites_symfony/applications/restaurantdiclarenzo.com/app/cache/prod/classes.php line 4564 [] []
[2012-05-10 18:41:17] request.ERROR: Symfony\Component\HttpKernel\Exception\NotFoundHttpException: No route found for "GET /cache/f/c/5/b/b/06fdf46c637c551517c2cfaaa7a2282401d.jpg" (uncaught exception) at /var/www/sites_symfony/applications/restaurantdiclarenzo.com/app/cache/prod/classes.php line 4564 [] []
[2012-05-10 19:09:43] request.ERROR: Symfony\Component\HttpKernel\Exception\NotFoundHttpException: No route found for "GET /css/mercerie.css" (uncaught exception) at /var/www/sites_symfony/applications/restaurantdiclarenzo.com/app/cache/prod/classes.php line 4564 [] []
[2012-05-10 19:09:43] request.ERROR: Symfony\Component\HttpKernel\Exception\NotFoundHttpException: No route found for "GET /css/compressed.css" (uncaught exception) at /var/www/sites_symfony/applications/restaurantdiclarenzo.com/app/cache/prod/classes.php line 4564 [] []
[2012-05-10 19:09:43] request.ERROR: Symfony\Component\HttpKernel\Exception\NotFoundHttpException: No route found for "GET /js/compressed.js" (uncaught exception) at /var/www/sites_symfony/applications/restaurantdiclarenzo.com/app/cache/prod/classes.php line 4564 [] []
[2012-05-10 19:09:50] request.ERROR: Symfony\Component\HttpKernel\Exception\NotFoundHttpException: No route found for "GET /css/compressed.css" (uncaught exception) at /var/www/sites_symfony/applications/restaurantdiclarenzo.com/app/cache/prod/classes.php line 4564 [] []
[2012-05-10 19:09:50] request.ERROR: Symfony\Component\HttpKernel\Exception\NotFoundHttpException: No route found for "GET /js/compressed.js" (uncaught exception) at /var/www/sites_symfony/applications/restaurantdiclarenzo.com/app/cache/prod/classes.php line 4564 [] []
[2012-05-10 19:09:50] request.ERROR: Symfony\Component\HttpKernel\Exception\NotFoundHttpException: No route found for "GET /css/mercerie.css" (uncaught exception) at /var/www/sites_symfony/applications/restaurantdiclarenzo.com/app/cache/prod/classes.php line 4564 [] []
[2012-05-11 16:23:13] request.ERROR: Symfony\Component\HttpKernel\Exception\NotFoundHttpException: No route found for "GET /bundles/framework/css/exception_layout.css" (uncaught exception) at /var/www/sites_symfony/applications/restaurantdiclarenzo.com/app/cache/prod/classes.php line 4564 [] []
[2012-05-11 16:23:14] request.ERROR: Symfony\Component\HttpKernel\Exception\NotFoundHttpException: No route found for "GET /bundles/framework/css/exception.css" (uncaught exception) at /var/www/sites_symfony/applications/restaurantdiclarenzo.com/app/cache/prod/classes.php line 4564 [] []
[2012-05-11 16:23:14] request.ERROR: Symfony\Component\HttpKernel\Exception\NotFoundHttpException: No route found for "GET /bundles/framework/images/open_quote.gif" (uncaught exception) at /var/www/sites_symfony/applications/restaurantdiclarenzo.com/app/cache/prod/classes.php line 4564 [] []
[2012-05-11 16:23:14] request.ERROR: Symfony\Component\HttpKernel\Exception\NotFoundHttpException: No route found for "GET /bundles/framework/images/logo_symfony.gif" (uncaught exception) at /var/www/sites_symfony/applications/restaurantdiclarenzo.com/app/cache/prod/classes.php line 4564 [] []
[2012-05-11 16:23:14] request.ERROR: Symfony\Component\HttpKernel\Exception\NotFoundHttpException: No route found for "GET /bundles/framework/images/exception_detected.gif" (uncaught exception) at /var/www/sites_symfony/applications/restaurantdiclarenzo.com/app/cache/prod/classes.php line 4564 [] []
[2012-05-11 16:23:14] request.ERROR: Symfony\Component\HttpKernel\Exception\NotFoundHttpException: No route found for "GET /bundles/framework/images/grey_magnifier.png" (uncaught exception) at /var/www/sites_symfony/applications/restaurantdiclarenzo.com/app/cache/prod/classes.php line 4564 [] []
[2012-05-11 16:23:14] request.ERROR: Symfony\Component\HttpKernel\Exception\NotFoundHttpException: No route found for "GET /bundles/framework/images/close_quote.gif" (uncaught exception) at /var/www/sites_symfony/applications/restaurantdiclarenzo.com/app/cache/prod/classes.php line 4564 [] []
[2012-05-11 16:23:14] request.ERROR: Symfony\Component\HttpKernel\Exception\NotFoundHttpException: No route found for "GET /bundles/framework/images/blue_picto_more.gif" (uncaught exception) at /var/www/sites_symfony/applications/restaurantdiclarenzo.com/app/cache/prod/classes.php line 4564 [] []
[2012-05-11 16:23:14] request.ERROR: Symfony\Component\HttpKernel\Exception\NotFoundHttpException: No route found for "GET /bundles/framework/images/blue_picto_less.gif" (uncaught exception) at /var/www/sites_symfony/applications/restaurantdiclarenzo.com/app/cache/prod/classes.php line 4564 [] []
[2012-05-11 16:26:50] request.ERROR: Symfony\Component\HttpKernel\Exception\NotFoundHttpException: No route found for "GET /bundles/framework/css/exception_layout.css" (uncaught exception) at /var/www/sites_symfony/applications/restaurantdiclarenzo.com/app/cache/prod/classes.php line 4564 [] []
[2012-05-11 16:26:50] request.ERROR: Symfony\Component\HttpKernel\Exception\NotFoundHttpException: No route found for "GET /bundles/framework/css/exception.css" (uncaught exception) at /var/www/sites_symfony/applications/restaurantdiclarenzo.com/app/cache/prod/classes.php line 4564 [] []
[2012-05-11 16:26:51] request.ERROR: Symfony\Component\HttpKernel\Exception\NotFoundHttpException: No route found for "GET /bundles/framework/images/exception_detected.gif" (uncaught exception) at /var/www/sites_symfony/applications/restaurantdiclarenzo.com/app/cache/prod/classes.php line 4564 [] []
[2012-05-11 16:26:51] request.ERROR: Symfony\Component\HttpKernel\Exception\NotFoundHttpException: No route found for "GET /bundles/framework/images/logo_symfony.gif" (uncaught exception) at /var/www/sites_symfony/applications/restaurantdiclarenzo.com/app/cache/prod/classes.php line 4564 [] []
[2012-05-11 16:26:51] request.ERROR: Symfony\Component\HttpKernel\Exception\NotFoundHttpException: No route found for "GET /bundles/framework/images/grey_magnifier.png" (uncaught exception) at /var/www/sites_symfony/applications/restaurantdiclarenzo.com/app/cache/prod/classes.php line 4564 [] []
[2012-05-11 16:26:51] request.ERROR: Symfony\Component\HttpKernel\Exception\NotFoundHttpException: No route found for "GET /bundles/framework/images/blue_picto_less.gif" (uncaught exception) at /var/www/sites_symfony/applications/restaurantdiclarenzo.com/app/cache/prod/classes.php line 4564 [] []
[2012-05-11 16:26:51] request.ERROR: Symfony\Component\HttpKernel\Exception\NotFoundHttpException: No route found for "GET /bundles/framework/images/open_quote.gif" (uncaught exception) at /var/www/sites_symfony/applications/restaurantdiclarenzo.com/app/cache/prod/classes.php line 4564 [] []
[2012-05-11 16:26:51] request.ERROR: Symfony\Component\HttpKernel\Exception\NotFoundHttpException: No route found for "GET /bundles/framework/images/blue_picto_more.gif" (uncaught exception) at /var/www/sites_symfony/applications/restaurantdiclarenzo.com/app/cache/prod/classes.php line 4564 [] []
[2012-05-11 16:26:51] request.ERROR: Symfony\Component\HttpKernel\Exception\NotFoundHttpException: No route found for "GET /bundles/framework/images/close_quote.gif" (uncaught exception) at /var/www/sites_symfony/applications/restaurantdiclarenzo.com/app/cache/prod/classes.php line 4564 [] []
[2012-05-11 16:28:18] request.ERROR: Symfony\Component\HttpKernel\Exception\NotFoundHttpException: No route found for "GET /bundles/framework/css/exception_layout.css" (uncaught exception) at /var/www/sites_symfony/applications/restaurantdiclarenzo.com/app/cache/prod/classes.php line 4564 [] []
[2012-05-11 16:28:18] request.ERROR: Symfony\Component\HttpKernel\Exception\NotFoundHttpException: No route found for "GET /bundles/framework/css/exception.css" (uncaught exception) at /var/www/sites_symfony/applications/restaurantdiclarenzo.com/app/cache/prod/classes.php line 4564 [] []
[2012-05-11 16:28:18] request.ERROR: Symfony\Component\HttpKernel\Exception\NotFoundHttpException: No route found for "GET /bundles/framework/images/exception_detected.gif" (uncaught exception) at /var/www/sites_symfony/applications/restaurantdiclarenzo.com/app/cache/prod/classes.php line 4564 [] []
[2012-05-11 16:28:18] request.ERROR: Symfony\Component\HttpKernel\Exception\NotFoundHttpException: No route found for "GET /bundles/framework/images/logo_symfony.gif" (uncaught exception) at /var/www/sites_symfony/applications/restaurantdiclarenzo.com/app/cache/prod/classes.php line 4564 [] []
[2012-05-11 16:28:18] request.ERROR: Symfony\Component\HttpKernel\Exception\NotFoundHttpException: No route found for "GET /bundles/framework/images/close_quote.gif" (uncaught exception) at /var/www/sites_symfony/applications/restaurantdiclarenzo.com/app/cache/prod/classes.php line 4564 [] []
[2012-05-11 16:28:18] request.ERROR: Symfony\Component\HttpKernel\Exception\NotFoundHttpException: No route found for "GET /bundles/framework/images/grey_magnifier.png" (uncaught exception) at /var/www/sites_symfony/applications/restaurantdiclarenzo.com/app/cache/prod/classes.php line 4564 [] []
[2012-05-11 16:28:18] request.ERROR: Symfony\Component\HttpKernel\Exception\NotFoundHttpException: No route found for "GET /bundles/framework/images/blue_picto_less.gif" (uncaught exception) at /var/www/sites_symfony/applications/restaurantdiclarenzo.com/app/cache/prod/classes.php line 4564 [] []
[2012-05-11 16:28:18] request.ERROR: Symfony\Component\HttpKernel\Exception\NotFoundHttpException: No route found for "GET /bundles/framework/images/blue_picto_more.gif" (uncaught exception) at /var/www/sites_symfony/applications/restaurantdiclarenzo.com/app/cache/prod/classes.php line 4564 [] []
[2012-05-11 16:28:18] request.ERROR: Symfony\Component\HttpKernel\Exception\NotFoundHttpException: No route found for "GET /bundles/framework/images/open_quote.gif" (uncaught exception) at /var/www/sites_symfony/applications/restaurantdiclarenzo.com/app/cache/prod/classes.php line 4564 [] []
[2012-05-11 16:28:20] request.ERROR: Symfony\Component\HttpKernel\Exception\NotFoundHttpException: No route found for "GET /bundles/framework/images/open_quote.gif" (uncaught exception) at /var/www/sites_symfony/applications/restaurantdiclarenzo.com/app/cache/prod/classes.php line 4564 [] []
[2012-05-11 16:28:20] request.ERROR: Symfony\Component\HttpKernel\Exception\NotFoundHttpException: No route found for "GET /bundles/framework/images/exception_detected.gif" (uncaught exception) at /var/www/sites_symfony/applications/restaurantdiclarenzo.com/app/cache/prod/classes.php line 4564 [] []
[2012-05-11 16:28:20] request.ERROR: Symfony\Component\HttpKernel\Exception\NotFoundHttpException: No route found for "GET /bundles/framework/images/grey_magnifier.png" (uncaught exception) at /var/www/sites_symfony/applications/restaurantdiclarenzo.com/app/cache/prod/classes.php line 4564 [] []
[2012-05-11 16:28:20] request.ERROR: Symfony\Component\HttpKernel\Exception\NotFoundHttpException: No route found for "GET /bundles/framework/css/exception.css" (uncaught exception) at /var/www/sites_symfony/applications/restaurantdiclarenzo.com/app/cache/prod/classes.php line 4564 [] []
[2012-05-11 16:28:20] request.ERROR: Symfony\Component\HttpKernel\Exception\NotFoundHttpException: No route found for "GET /bundles/framework/css/exception_layout.css" (uncaught exception) at /var/www/sites_symfony/applications/restaurantdiclarenzo.com/app/cache/prod/classes.php line 4564 [] []
[2012-05-11 16:28:20] request.ERROR: Symfony\Component\HttpKernel\Exception\NotFoundHttpException: No route found for "GET /bundles/framework/images/blue_picto_less.gif" (uncaught exception) at /var/www/sites_symfony/applications/restaurantdiclarenzo.com/app/cache/prod/classes.php line 4564 [] []
[2012-05-11 16:28:20] request.ERROR: Symfony\Component\HttpKernel\Exception\NotFoundHttpException: No route found for "GET /bundles/framework/images/logo_symfony.gif" (uncaught exception) at /var/www/sites_symfony/applications/restaurantdiclarenzo.com/app/cache/prod/classes.php line 4564 [] []
[2012-05-11 16:28:20] request.ERROR: Symfony\Component\HttpKernel\Exception\NotFoundHttpException: No route found for "GET /bundles/framework/images/close_quote.gif" (uncaught exception) at /var/www/sites_symfony/applications/restaurantdiclarenzo.com/app/cache/prod/classes.php line 4564 [] []
[2012-05-11 16:28:20] request.ERROR: Symfony\Component\HttpKernel\Exception\NotFoundHttpException: No route found for "GET /bundles/framework/images/blue_picto_more.gif" (uncaught exception) at /var/www/sites_symfony/applications/restaurantdiclarenzo.com/app/cache/prod/classes.php line 4564 [] []
